<html>
<head>
<title>TestNG:  Default test</title>
<link href="../testng.css" rel="stylesheet" type="text/css" />
<link href="../my-testng.css" rel="stylesheet" type="text/css" />

<style type="text/css">
.log { display: none;} 
.stack-trace { display: none;} 
</style>
<script type="text/javascript">
<!--
function flip(e) {
  current = e.style.display;
  if (current == 'block') {
    e.style.display = 'none';
    return 0;
  }
  else {
    e.style.display = 'block';
    return 1;
  }
}

function toggleBox(szDivId, elem, msg1, msg2)
{
  var res = -1;  if (document.getElementById) {
    res = flip(document.getElementById(szDivId));
  }
  else if (document.all) {
    // this is the way old msie versions work
    res = flip(document.all[szDivId]);
  }
  if(elem) {
    if(res == 0) elem.innerHTML = msg1; else elem.innerHTML = msg2;
  }

}

function toggleAllBoxes() {
  if (document.getElementsByTagName) {
    d = document.getElementsByTagName('div');
    for (i = 0; i < d.length; i++) {
      if (d[i].className == 'log') {
        flip(d[i]);
      }
    }
  }
}

// -->
</script>

</head>
<body>
<h2 align='center'>Default test</h2><table border='1' align="center">
<tr>
<td>Tests passed/Failed/Skipped:</td><td>0/6/0</td>
</tr><tr>
<td>Started on:</td><td>Mon Jun 21 13:21:08 UYT 2021</td>
</tr>
<tr><td>Total time:</td><td>77 seconds (77082 ms)</td>
</tr><tr>
<td>Included groups:</td><td></td>
</tr><tr>
<td>Excluded groups:</td><td></td>
</tr>
</table><p/>
<small><i>(Hover the method name to see the test class name)</i></small><p/>
<table width='100%' border='1' class='invocation-failed'>
<tr><td colspan='4' align='center'><b>FAILED TESTS</b></td></tr>
<tr><td><b>Test method</b></td>
<td width="30%"><b>Exception</b></td>
<td width="10%"><b>Time (seconds)</b></td>
<td><b>Instance</b></td>
</tr>
<tr>
<td title='test.Excercisev1PageFactory.TestRunner.runScenario()'><b>runScenario</b><br>Test class: test.Excercisev1PageFactory.TestRunner<br>Test method: Runs Cucumber Scenarios<br>Parameters: "Create new contact", "Optional[Create contact implementation]"</td>
<td><div><pre>java.lang.NullPointerException: Cannot invoke &quot;org.openqa.selenium.WebDriver.get(String)&quot; because &quot;this.driver&quot; is null
	at stepsDefinition.CreateContactStepDefinition.user_is_on_account_page(CreateContactStepDefinition.java:38)
	at ?.user is on account page(file:///C:/Users/Leandro/eclipse-workspace/Excercisev1PageFactory/src/test/java/features/03CreateContact.feature:4)
</pre></div><a href='#' onClick='toggleBox("stack-trace1688851596", this, "Click to show all stack frames", "Click to hide stack frames")'>Click to show all stack frames</a>
<div class='stack-trace' id='stack-trace1688851596'><pre>java.lang.NullPointerException: Cannot invoke &quot;org.openqa.selenium.WebDriver.get(String)&quot; because &quot;this.driver&quot; is null
	at stepsDefinition.CreateContactStepDefinition.user_is_on_account_page(CreateContactStepDefinition.java:38)
	at ?.user is on account page(file:///C:/Users/Leandro/eclipse-workspace/Excercisev1PageFactory/src/test/java/features/03CreateContact.feature:4)
</pre></div></td>
<td>4</td>
<td>test.Excercisev1PageFactory.TestRunner@37afeb11</td></tr>
<tr>
<td title='test.Excercisev1PageFactory.TestRunner.runScenario()'><b>runScenario</b><br>Test class: test.Excercisev1PageFactory.TestRunner<br>Test method: Runs Cucumber Scenarios<br>Parameters: "Valid login and navigation action", "Optional[Login action implementation]"</td>
<td><div><pre>org.openqa.selenium.StaleElementReferenceException: stale element reference: element is not attached to the page document
  (Session info: chrome=91.0.4472.106)
For documentation on this error, please visit: https://www.seleniumhq.org/exceptions/stale_element_reference.html
Build info: version: &apos;3.141.59&apos;, revision: &apos;e82be7d358&apos;, time: &apos;2018-11-14T08:17:03&apos;
System info: host: &apos;LAPTOP-RCPBVN47&apos;, ip: &apos;192.168.1.46&apos;, os.name: &apos;Windows 10&apos;, os.arch: &apos;amd64&apos;, os.version: &apos;10.0&apos;, java.version: &apos;16.0.1&apos;
Driver info: org.openqa.selenium.chrome.ChromeDriver
Capabilities {acceptInsecureCerts: false, browserName: chrome, browserVersion: 91.0.4472.106, chrome: {chromedriverVersion: 90.0.4430.24 (4c6d850f087da..., userDataDir: C:\Users\Leandro\AppData\Lo...}, goog:chromeOptions: {debuggerAddress: localhost:50654}, javascriptEnabled: true, networkConnectionEnabled: false, pageLoadStrategy: normal, platform: WINDOWS, platformName: WINDOWS, proxy: Proxy(), setWindowRect: true, strictFileInteractability: false, timeouts: {implicit: 0, pageLoad: 300000, script: 30000}, unhandledPromptBehavior: dismiss and notify, webauthn:extension:largeBlob: true, webauthn:virtualAuthenticators: true}
Session ID: 07893b31f9129419e619b525035e6cd3
	at java.base/jdk.internal.reflect.NativeConstructorAccessorImpl.newInstance0(Native Method)
	at java.base/jdk.internal.reflect.NativeConstructorAccessorImpl.newInstance(NativeConstructorAccessorImpl.java:78)
	at java.base/jdk.internal.reflect.DelegatingConstructorAccessorImpl.newInstance(DelegatingConstructorAccessorImpl.java:45)
	at java.base/java.lang.reflect.Constructor.newInstanceWithCaller(Constructor.java:499)
	at java.base/java.lang.reflect.Constructor.newInstance(Constructor.java:480)
	at org.openqa.selenium.remote.http.W3CHttpResponseCodec.createException(W3CHttpResponseCodec.java:187)
	at org.openqa.selenium.remote.http.W3CHttpResponseCodec.decode(W3CHttpResponseCodec.java:122)
	at org.openqa.selenium.remote.http.W3CHttpResponseCodec.decode(W3CHttpResponseCodec.java:49)
	at org.openqa.selenium.remote.HttpCommandExecutor.execute(HttpCommandExecutor.java:158)
	at org.openqa.selenium.remote.service.DriverCommandExecutor.execute(DriverCommandExecutor.java:83)
	at org.openqa.selenium.remote.RemoteWebDriver.execute(RemoteWebDriver.java:552)
	at org.openqa.selenium.remote.RemoteWebElement.execute(RemoteWebElement.java:285)
	at org.openqa.selenium.remote.RemoteWebElement.isDisplayed(RemoteWebElement.java:326)
	at java.base/jdk.internal.reflect.NativeMethodAccessorImpl.invoke0(Native Method)
	at java.base/jdk.internal.reflect.NativeMethodAccessorImpl.invoke(NativeMethodAccessorImpl.java:78)
	at java.base/jdk.internal.reflect.DelegatingMethodAccessorImpl.invoke(DelegatingMethodAccessorImpl.java:43)
	at java.base/java.lang.reflect.Method.invoke(Method.java:567)
	at org.openqa.selenium.support.pagefactory.internal.LocatingElementHandler.invoke(LocatingElementHandler.java:51)
	at jdk.proxy2/jdk.proxy2.$Proxy24.isDisplayed(Unknown Source)
	at org.openqa.selenium.support.ui.ExpectedConditions.elementIfVisible(ExpectedConditions.java:314)
	at org.openqa.selenium.support.ui.ExpectedConditions.access$000(ExpectedConditions.java:43)
	at org.openqa.selenium.support.ui.ExpectedConditions$10.apply(ExpectedConditions.java:300)
	at org.openqa.selenium.support.ui.ExpectedConditions$10.apply(ExpectedConditions.java:297)
	at org.openqa.selenium.support.ui.FluentWait.until(FluentWait.java:249)
	at resources.Base.NavigateTabs(Base.java:226)
	at stepsDefinition.ServicesStepsDefinition.navigate_tabs_clicking_new_and_cancel_when_possible(ServicesStepsDefinition.java:71)
	at ?.navigate tabs clicking new and cancel when possible(file:///C:/Users/Leandro/eclipse-workspace/Excercisev1PageFactory/src/test/java/features/01NavigateToServices.feature:12)
</pre></div><a href='#' onClick='toggleBox("stack-trace1885307815", this, "Click to show all stack frames", "Click to hide stack frames")'>Click to show all stack frames</a>
<div class='stack-trace' id='stack-trace1885307815'><pre>org.openqa.selenium.StaleElementReferenceException: stale element reference: element is not attached to the page document
  (Session info: chrome=91.0.4472.106)
For documentation on this error, please visit: https://www.seleniumhq.org/exceptions/stale_element_reference.html
Build info: version: &apos;3.141.59&apos;, revision: &apos;e82be7d358&apos;, time: &apos;2018-11-14T08:17:03&apos;
System info: host: &apos;LAPTOP-RCPBVN47&apos;, ip: &apos;192.168.1.46&apos;, os.name: &apos;Windows 10&apos;, os.arch: &apos;amd64&apos;, os.version: &apos;10.0&apos;, java.version: &apos;16.0.1&apos;
Driver info: org.openqa.selenium.chrome.ChromeDriver
Capabilities {acceptInsecureCerts: false, browserName: chrome, browserVersion: 91.0.4472.106, chrome: {chromedriverVersion: 90.0.4430.24 (4c6d850f087da..., userDataDir: C:\Users\Leandro\AppData\Lo...}, goog:chromeOptions: {debuggerAddress: localhost:50654}, javascriptEnabled: true, networkConnectionEnabled: false, pageLoadStrategy: normal, platform: WINDOWS, platformName: WINDOWS, proxy: Proxy(), setWindowRect: true, strictFileInteractability: false, timeouts: {implicit: 0, pageLoad: 300000, script: 30000}, unhandledPromptBehavior: dismiss and notify, webauthn:extension:largeBlob: true, webauthn:virtualAuthenticators: true}
Session ID: 07893b31f9129419e619b525035e6cd3
	at java.base/jdk.internal.reflect.NativeConstructorAccessorImpl.newInstance0(Native Method)
	at java.base/jdk.internal.reflect.NativeConstructorAccessorImpl.newInstance(NativeConstructorAccessorImpl.java:78)
	at java.base/jdk.internal.reflect.DelegatingConstructorAccessorImpl.newInstance(DelegatingConstructorAccessorImpl.java:45)
	at java.base/java.lang.reflect.Constructor.newInstanceWithCaller(Constructor.java:499)
	at java.base/java.lang.reflect.Constructor.newInstance(Constructor.java:480)
	at org.openqa.selenium.remote.http.W3CHttpResponseCodec.createException(W3CHttpResponseCodec.java:187)
	at org.openqa.selenium.remote.http.W3CHttpResponseCodec.decode(W3CHttpResponseCodec.java:122)
	at org.openqa.selenium.remote.http.W3CHttpResponseCodec.decode(W3CHttpResponseCodec.java:49)
	at org.openqa.selenium.remote.HttpCommandExecutor.execute(HttpCommandExecutor.java:158)
	at org.openqa.selenium.remote.service.DriverCommandExecutor.execute(DriverCommandExecutor.java:83)
	at org.openqa.selenium.remote.RemoteWebDriver.execute(RemoteWebDriver.java:552)
	at org.openqa.selenium.remote.RemoteWebElement.execute(RemoteWebElement.java:285)
	at org.openqa.selenium.remote.RemoteWebElement.isDisplayed(RemoteWebElement.java:326)
	at java.base/jdk.internal.reflect.NativeMethodAccessorImpl.invoke0(Native Method)
	at java.base/jdk.internal.reflect.NativeMethodAccessorImpl.invoke(NativeMethodAccessorImpl.java:78)
	at java.base/jdk.internal.reflect.DelegatingMethodAccessorImpl.invoke(DelegatingMethodAccessorImpl.java:43)
	at java.base/java.lang.reflect.Method.invoke(Method.java:567)
	at org.openqa.selenium.support.pagefactory.internal.LocatingElementHandler.invoke(LocatingElementHandler.java:51)
	at jdk.proxy2/jdk.proxy2.$Proxy24.isDisplayed(Unknown Source)
	at org.openqa.selenium.support.ui.ExpectedConditions.elementIfVisible(ExpectedConditions.java:314)
	at org.openqa.selenium.support.ui.ExpectedConditions.access$000(ExpectedConditions.java:43)
	at org.openqa.selenium.support.ui.ExpectedConditions$10.apply(ExpectedConditions.java:300)
	at org.openqa.selenium.support.ui.ExpectedConditions$10.apply(ExpectedConditions.java:297)
	at org.openqa.selenium.support.ui.FluentWait.until(FluentWait.java:249)
	at resources.Base.NavigateTabs(Base.java:226)
	at stepsDefinition.ServicesStepsDefinition.navigate_tabs_clicking_new_and_cancel_when_possible(ServicesStepsDefinition.java:71)
	at ?.navigate tabs clicking new and cancel when possible(file:///C:/Users/Leandro/eclipse-workspace/Excercisev1PageFactory/src/test/java/features/01NavigateToServices.feature:12)
</pre></div></td>
<td>54</td>
<td>test.Excercisev1PageFactory.TestRunner@37afeb11</td></tr>
<tr>
<td title='test.Excercisev1PageFactory.TestRunner.runScenario()'><b>runScenario</b><br>Test class: test.Excercisev1PageFactory.TestRunner<br>Test method: Runs Cucumber Scenarios<br>Parameters: "Modify account with invalid employee number data", "Optional[Modify accounts]"</td>
<td><div><pre>java.lang.NullPointerException: Cannot invoke &quot;org.openqa.selenium.WebDriver.get(String)&quot; because &quot;this.driver&quot; is null
	at stepsDefinition.ModifyAccountStepsDefinition.user_fell_to_account_page(ModifyAccountStepsDefinition.java:35)
	at ?.user fell to account page(file:///C:/Users/Leandro/eclipse-workspace/Excercisev1PageFactory/src/test/java/features/04ModifyAccount.feature:10)
</pre></div><a href='#' onClick='toggleBox("stack-trace542895457", this, "Click to show all stack frames", "Click to hide stack frames")'>Click to show all stack frames</a>
<div class='stack-trace' id='stack-trace542895457'><pre>java.lang.NullPointerException: Cannot invoke &quot;org.openqa.selenium.WebDriver.get(String)&quot; because &quot;this.driver&quot; is null
	at stepsDefinition.ModifyAccountStepsDefinition.user_fell_to_account_page(ModifyAccountStepsDefinition.java:35)
	at ?.user fell to account page(file:///C:/Users/Leandro/eclipse-workspace/Excercisev1PageFactory/src/test/java/features/04ModifyAccount.feature:10)
</pre></div></td>
<td>6</td>
<td>test.Excercisev1PageFactory.TestRunner@37afeb11</td></tr>
<tr>
<td title='test.Excercisev1PageFactory.TestRunner.runScenario()'><b>runScenario</b><br>Test class: test.Excercisev1PageFactory.TestRunner<br>Test method: Runs Cucumber Scenarios<br>Parameters: "Attempt to create null account", "Optional[Create accounts implementation]"</td>
<td><div><pre>java.lang.NullPointerException: Cannot invoke &quot;org.openqa.selenium.WebDriver.get(String)&quot; because &quot;this.driver&quot; is null
	at stepsDefinition.CreateAccountsStepsDefinition.user_goes_to_account_page(CreateAccountsStepsDefinition.java:28)
	at ?.user goes to account page(file:///C:/Users/Leandro/eclipse-workspace/Excercisev1PageFactory/src/test/java/features/02CreateAccounts.feature:10)
</pre></div><a href='#' onClick='toggleBox("stack-trace1710591086", this, "Click to show all stack frames", "Click to hide stack frames")'>Click to show all stack frames</a>
<div class='stack-trace' id='stack-trace1710591086'><pre>java.lang.NullPointerException: Cannot invoke &quot;org.openqa.selenium.WebDriver.get(String)&quot; because &quot;this.driver&quot; is null
	at stepsDefinition.CreateAccountsStepsDefinition.user_goes_to_account_page(CreateAccountsStepsDefinition.java:28)
	at ?.user goes to account page(file:///C:/Users/Leandro/eclipse-workspace/Excercisev1PageFactory/src/test/java/features/02CreateAccounts.feature:10)
</pre></div></td>
<td>2</td>
<td>test.Excercisev1PageFactory.TestRunner@37afeb11</td></tr>
<tr>
<td title='test.Excercisev1PageFactory.TestRunner.runScenario()'><b>runScenario</b><br>Test class: test.Excercisev1PageFactory.TestRunner<br>Test method: Runs Cucumber Scenarios<br>Parameters: "Modify account with valid data", "Optional[Modify accounts]"</td>
<td><div><pre>java.lang.NullPointerException: Cannot invoke &quot;org.openqa.selenium.WebDriver.get(String)&quot; because &quot;this.driver&quot; is null
	at stepsDefinition.ModifyAccountStepsDefinition.user_fell_to_account_page(ModifyAccountStepsDefinition.java:35)
	at ?.user fell to account page(file:///C:/Users/Leandro/eclipse-workspace/Excercisev1PageFactory/src/test/java/features/04ModifyAccount.feature:4)
</pre></div><a href='#' onClick='toggleBox("stack-trace246745017", this, "Click to show all stack frames", "Click to hide stack frames")'>Click to show all stack frames</a>
<div class='stack-trace' id='stack-trace246745017'><pre>java.lang.NullPointerException: Cannot invoke &quot;org.openqa.selenium.WebDriver.get(String)&quot; because &quot;this.driver&quot; is null
	at stepsDefinition.ModifyAccountStepsDefinition.user_fell_to_account_page(ModifyAccountStepsDefinition.java:35)
	at ?.user fell to account page(file:///C:/Users/Leandro/eclipse-workspace/Excercisev1PageFactory/src/test/java/features/04ModifyAccount.feature:4)
</pre></div></td>
<td>4</td>
<td>test.Excercisev1PageFactory.TestRunner@37afeb11</td></tr>
<tr>
<td title='test.Excercisev1PageFactory.TestRunner.runScenario()'><b>runScenario</b><br>Test class: test.Excercisev1PageFactory.TestRunner<br>Test method: Runs Cucumber Scenarios<br>Parameters: "Create accounts", "Optional[Create accounts implementation]"</td>
<td><div><pre>java.lang.NullPointerException: Cannot invoke &quot;org.openqa.selenium.WebDriver.get(String)&quot; because &quot;this.driver&quot; is null
	at stepsDefinition.CreateAccountsStepsDefinition.user_goes_to_account_page(CreateAccountsStepsDefinition.java:28)
	at ?.user goes to account page(file:///C:/Users/Leandro/eclipse-workspace/Excercisev1PageFactory/src/test/java/features/02CreateAccounts.feature:4)
</pre></div><a href='#' onClick='toggleBox("stack-trace727119352", this, "Click to show all stack frames", "Click to hide stack frames")'>Click to show all stack frames</a>
<div class='stack-trace' id='stack-trace727119352'><pre>java.lang.NullPointerException: Cannot invoke &quot;org.openqa.selenium.WebDriver.get(String)&quot; because &quot;this.driver&quot; is null
	at stepsDefinition.CreateAccountsStepsDefinition.user_goes_to_account_page(CreateAccountsStepsDefinition.java:28)
	at ?.user goes to account page(file:///C:/Users/Leandro/eclipse-workspace/Excercisev1PageFactory/src/test/java/features/02CreateAccounts.feature:4)
</pre></div></td>
<td>2</td>
<td>test.Excercisev1PageFactory.TestRunner@37afeb11</td></tr>
</table><p>
</body>
</html>