<?xml version="1.0" encoding="UTF-8"?>
<!-- Generated by org.testng.reporters.JUnitXMLReporter -->
<testsuite ignored="1" hostname="LAPTOP-RCPBVN47" failures="2" tests="3" name="LoginpageTest" time="30.167" errors="0" timestamp="2021-06-08T16:09:05 UYT">
  <testcase classname="test.Excercisev1PageFactory.LoginPageTest" name="SendData" time="7.136"/>
  <testcase classname="test.Excercisev1PageFactory.HomePageTest" name="NavigateToService" time="0.005">
    <failure type="java.lang.NullPointerException" message="Cannot invoke &amp;quot;org.openqa.selenium.SearchContext.findElement(org.openqa.selenium.By)&amp;quot; because &amp;quot;this.searchContext&amp;quot; is null">
      <![CDATA[java.lang.NullPointerException: Cannot invoke "org.openqa.selenium.SearchContext.findElement(org.openqa.selenium.By)" because "this.searchContext" is null
at org.openqa.selenium.support.pagefactory.DefaultElementLocator.findElement(DefaultElementLocator.java:69)
at org.openqa.selenium.support.pagefactory.internal.LocatingElementHandler.invoke(LocatingElementHandler.java:38)
at jdk.proxy2/jdk.proxy2.$Proxy12.click(Unknown Source)
at test.Excercisev1PageFactory.HomePageTest.NavigateToService(HomePageTest.java:15)
at java.base/java.util.ArrayList.forEach(ArrayList.java:1511)
... Removed 27 stack frames]]>
    </failure>
  </testcase> <!-- NavigateToService -->
  <testcase classname="test.Excercisev1PageFactory.LoginPageTest" name="SendData" time="0.008">
    <failure type="java.lang.NullPointerException" message="Cannot invoke &amp;quot;PageObjects.LoginPage.Username()&amp;quot; because &amp;quot;this.lp&amp;quot; is null">
      <![CDATA[java.lang.NullPointerException: Cannot invoke "PageObjects.LoginPage.Username()" because "this.lp" is null
at test.Excercisev1PageFactory.LoginPageTest.SendData(LoginPageTest.java:29)
at java.base/java.util.ArrayList.forEach(ArrayList.java:1511)
... Removed 27 stack frames]]>
    </failure>
  </testcase> <!-- SendData -->
  <testcase classname="test.Excercisev1PageFactory.LoginPageTest" name="@BeforeTest build" time="0.0">
    <ignored/>
  </testcase> <!-- @BeforeTest build -->
</testsuite> <!-- LoginpageTest -->
